-------------------------------------------------
[2024-08-19 08:40:01]
Processing repository at /home/oloo/IdeaProjects/JavaSeedSpeedTest
[2024-08-19 08:40:01]
No changes in /home/oloo/IdeaProjects/JavaSeedSpeedTest
-------------------------------------------------

-------------------------------------------------
[2024-08-19 08:40:01]
Processing repository at /home/oloo/IdeaProjects/MultithreadingConnectionPools
[2024-08-19 08:40:01]
No changes in /home/oloo/IdeaProjects/MultithreadingConnectionPools
-------------------------------------------------

-------------------------------------------------
[2024-08-19 08:40:01]
Processing repository at /home/oloo/IdeaProjects/ORM-BasedMassDataGenerator
[2024-08-19 08:40:01]
No changes in /home/oloo/IdeaProjects/ORM-BasedMassDataGenerator
-------------------------------------------------

-------------------------------------------------
[2024-08-19 08:40:01]
Processing repository at /home/oloo/IdeaProjects/Populate_MWM-PMS
[2024-08-19 08:40:01]
No changes in /home/oloo/IdeaProjects/Populate_MWM-PMS
-------------------------------------------------

-------------------------------------------------
[2024-08-19 08:40:01]
Processing repository at /home/oloo/IdeaProjects/MWM_PMS-BackEndAPI
[2024-08-19 08:40:01]
No changes in /home/oloo/IdeaProjects/MWM_PMS-BackEndAPI
-------------------------------------------------

-------------------------------------------------
[2024-08-19 08:40:01]
Processing repository at /home/oloo/IdeaProjects/MWM_PMS-API
[2024-08-19 08:40:01]
No changes in /home/oloo/IdeaProjects/MWM_PMS-API
-------------------------------------------------

-------------------------------------------------
[2024-08-19 08:40:01]
Processing repository at /home/oloo/IdeaProjects/mwm_pms
[2024-08-19 08:40:01]
No changes in /home/oloo/IdeaProjects/mwm_pms
-------------------------------------------------

-------------------------------------------------
[2024-08-19 08:40:01]
Processing repository at /home/oloo/IdeaProjects/simple_survey_api
[2024-08-19 08:40:01]
No changes in /home/oloo/IdeaProjects/simple_survey_api
-------------------------------------------------

-------------------------------------------------
[2024-08-19 08:40:01]
Processing repository at /home/oloo/Code/Flutter/mwm_pms_desktopapp
[2024-08-19 08:40:01]
No changes in /home/oloo/Code/Flutter/mwm_pms_desktopapp
-------------------------------------------------

-------------------------------------------------
[2024-08-19 08:40:01]
Processing repository at /home/oloo/Code/Flutter/first_app
[2024-08-19 08:40:01]
No changes in /home/oloo/Code/Flutter/first_app
-------------------------------------------------

-------------------------------------------------
[2024-08-19 08:40:01]
Processing repository at /home/oloo/Code/Flutter/basic_quiz_app
[2024-08-19 08:40:01]
No changes in /home/oloo/Code/Flutter/basic_quiz_app
-------------------------------------------------

-------------------------------------------------
[2024-08-19 08:40:01]
Processing repository at /home/oloo/Code/Flutter/expense_tracker
[2024-08-19 08:40:01]
No changes in /home/oloo/Code/Flutter/expense_tracker
-------------------------------------------------

-------------------------------------------------
[2024-08-19 08:40:01]
Processing repository at /home/oloo/Code/NodeJS/mwm-pms-web-react-ui-decluttered
[2024-08-19 08:40:01]
No changes in /home/oloo/Code/NodeJS/mwm-pms-web-react-ui-decluttered
-------------------------------------------------

-------------------------------------------------
[2024-08-19 08:40:01]
Processing repository at /home/oloo/Code/LeetCode
[2024-08-19 08:40:01]
No changes in /home/oloo/Code/LeetCode
-------------------------------------------------

-------------------------------------------------
[2024-08-19 08:40:01]
Processing repository at /home/oloo/Code/DemoRPC
[2024-08-19 08:40:01]
No changes in /home/oloo/Code/DemoRPC
-------------------------------------------------

-------------------------------------------------
[2024-08-19 08:40:01]
Processing repository at /home/oloo/Code/Flutter/sky_survey_app
[2024-08-19 08:40:01]
No changes in /home/oloo/Code/Flutter/sky_survey_app
-------------------------------------------------

-------------------------------------------------
[2024-08-19 08:40:01]
Processing repository at /home/oloo/Code/Flutter/simple_survey_client
[2024-08-19 08:40:01]
No changes in /home/oloo/Code/Flutter/simple_survey_client
-------------------------------------------------

-------------------------------------------------
[2024-08-19 08:40:01]
Processing repository at /home/oloo/Documents/utils
Changes detected in /home/oloo/Documents/utils. Committing and pushing...
